<?xml version="1.0" encoding="UTF-8"?>
<!-- Generated by org.testng.reporters.JUnitXMLReporter -->
<testsuite ignored="0" hostname="SRK" failures="1" tests="1" name="Test(failed)" time="0.031" errors="0" timestamp="24 Mar 2020 14:01:55 GMT">
  <testcase classname="com.rameshsoft.selenium.listeners.TestB" name="logout" time="0.011">
    <failure type="java.lang.AssertionError" message="expected [false] but found [true]">
      <![CDATA[java.lang.AssertionError: expected [false] but found [true]
at com.rameshsoft.selenium.listeners.TestB.logout(TestB.java:13)
at com.rameshsoft.selenium.listeners.FiledXMLRunner.main(FiledXMLRunner.java:17)
... Removed 28 stack frames]]>
    </failure>
  </testcase> <!-- logout -->
</testsuite> <!-- Test(failed) -->
